============================= test session starts ==============================
platform darwin -- Python 3.12.7, pytest-7.4.4, pluggy-1.6.0 -- /opt/anaconda3/bin/python
cachedir: .pytest_cache
rootdir: /Users/clayka7/Documents/Pixelis
configfile: pyproject.toml
plugins: cov-6.2.1, anyio-4.2.0
collecting ... collected 185 items / 1 error

==================================== ERRORS ====================================
______________ ERROR collecting tests/modules/test_model_init.py _______________
ImportError while importing test module '/Users/clayka7/Documents/Pixelis/tests/modules/test_model_init.py'.
Hint: make sure your test modules/packages have valid Python names.
Traceback:
/opt/anaconda3/lib/python3.12/importlib/__init__.py:90: in import_module
    return _bootstrap._gcd_import(name[level:], package, level)
tests/modules/test_model_init.py:23: in <module>
    from core.models.peft_model import (
E   ModuleNotFoundError: No module named 'core.models'
=============================== warnings summary ===============================
../../../../opt/anaconda3/lib/python3.12/site-packages/jupyter_client/connect.py:22
  /opt/anaconda3/lib/python3.12/site-packages/jupyter_client/connect.py:22: DeprecationWarning: Jupyter is migrating its paths to use standard platformdirs
  given by the platformdirs library.  To remove this warning and
  see the appropriate new directories, set the environment variable
  `JUPYTER_PLATFORM_DIRS=1` and then run `jupyter --paths`.
  The use of platformdirs will be the default in `jupyter_core` v6
    from jupyter_core.paths import jupyter_data_dir, jupyter_runtime_dir, secure_write

<frozen importlib._bootstrap>:488
  <frozen importlib._bootstrap>:488: DeprecationWarning: Type google.protobuf.pyext._message.ScalarMapContainer uses PyType_Spec with a metaclass that has custom tp_new. This is deprecated and will no longer be allowed in Python 3.14.

<frozen importlib._bootstrap>:488
  <frozen importlib._bootstrap>:488: DeprecationWarning: Type google.protobuf.pyext._message.MessageMapContainer uses PyType_Spec with a metaclass that has custom tp_new. This is deprecated and will no longer be allowed in Python 3.14.

<frozen importlib._bootstrap>:488
  <frozen importlib._bootstrap>:488: DeprecationWarning: builtin type SwigPyPacked has no __module__ attribute

<frozen importlib._bootstrap>:488
  <frozen importlib._bootstrap>:488: DeprecationWarning: builtin type SwigPyObject has no __module__ attribute

<frozen importlib._bootstrap>:488
  <frozen importlib._bootstrap>:488: DeprecationWarning: builtin type swigvarlink has no __module__ attribute

-- Docs: https://docs.pytest.org/en/stable/how-to/capture-warnings.html
=========================== short test summary info ============================
ERROR tests/modules/test_model_init.py
!!!!!!!!!!!!!!!!!!!! Interrupted: 1 error during collection !!!!!!!!!!!!!!!!!!!!
========================= 6 warnings, 1 error in 3.96s =========================
